

 The input file has been read successfully 
 Number of elements:             1256
 Number of nodes:                2605
 Number of constraints:             0
 Total no. degrees of freedom:   5210


 Direct Solver Profiler has completed profile computation 
     Total number of equations       5210
     Maximum half bandwidth:          275
     Mean half bandwidth:              95
     RMS half bandwidth:              130
     Size of stiffness matrix:     493109


 Direct Solver has completed LU decomposition 
    Conditioning information: 
      Max diagonal in reduced matrix:    0.9806E+03
      Min diagonal in reduced matrix:    0.1000E+01
      Ratio:                             0.9806E+03
      Maximum no. diagonal digits lost:   3


  Newton Raphson iteration       1
  Correction norm               0.312288D-01
  Generalized Force norm        0.134175D-01
  Out of balance force norm     0.512946D-14
  Ratio                         0.114891D-12
  Tolerance                     0.100000D-04


    Step number     1 has completed successfully
    Steps remaining:                           9
    Elapsed time:                     1.0000    
    Time remaining:                   9.0000    
    Time step has been adjusted to:   1.0000    
    Max time step:                    1.0000    
    Min time step:                   0.10000E-02


 Direct Solver has completed LU decomposition 
    Conditioning information: 
      Max diagonal in reduced matrix:    0.7795E-04
      Min diagonal in reduced matrix:    0.6119E-08
      Ratio:                             0.1274E+05
      Maximum no. diagonal digits lost:   1


 Direct Solver has completed LU decomposition 
    Conditioning information: 
      Max diagonal in reduced matrix:    0.2048E-06
      Min diagonal in reduced matrix:    0.5084E-08
      Ratio:                             0.4029E+02
      Maximum no. diagonal digits lost:   0


 Direct Solver has completed LU decomposition 
    Conditioning information: 
      Max diagonal in reduced matrix:    0.9806E+03
      Min diagonal in reduced matrix:    0.1000E+01
      Ratio:                             0.9806E+03
      Maximum no. diagonal digits lost:   3


  Newton Raphson iteration       1
  Correction norm               0.440855D-14
  Generalized Force norm        0.268349D-01
  Out of balance force norm     0.879075D-15
  Ratio                         0.327586D-13
  Tolerance                     0.100000D-04


    Step number     2 has completed successfully
    Steps remaining:                           8
    Elapsed time:                     2.0000    
    Time remaining:                   8.0000    
    Time step has been adjusted to:   1.0000    
    Max time step:                    1.0000    
    Min time step:                   0.10000E-02


 Direct Solver has completed LU decomposition 
    Conditioning information: 
      Max diagonal in reduced matrix:    0.7795E-04
      Min diagonal in reduced matrix:    0.6119E-08
      Ratio:                             0.1274E+05
      Maximum no. diagonal digits lost:   1


 Direct Solver has completed LU decomposition 
    Conditioning information: 
      Max diagonal in reduced matrix:    0.2048E-06
      Min diagonal in reduced matrix:    0.5084E-08
      Ratio:                             0.4029E+02
      Maximum no. diagonal digits lost:   0


 Direct Solver has completed LU decomposition 
    Conditioning information: 
      Max diagonal in reduced matrix:    0.9806E+03
      Min diagonal in reduced matrix:    0.1000E+01
      Ratio:                             0.9806E+03
      Maximum no. diagonal digits lost:   3


  Newton Raphson iteration       1
  Correction norm               0.220513D-14
  Generalized Force norm        0.402524D-01
  Out of balance force norm     0.892269D-15
  Ratio                         0.221669D-13
  Tolerance                     0.100000D-04


    Step number     3 has completed successfully
    Steps remaining:                           7
    Elapsed time:                     3.0000    
    Time remaining:                   7.0000    
    Time step has been adjusted to:   1.0000    
    Max time step:                    1.0000    
    Min time step:                   0.10000E-02


 Direct Solver has completed LU decomposition 
    Conditioning information: 
      Max diagonal in reduced matrix:    0.7795E-04
      Min diagonal in reduced matrix:    0.6119E-08
      Ratio:                             0.1274E+05
      Maximum no. diagonal digits lost:   1


 Direct Solver has completed LU decomposition 
    Conditioning information: 
      Max diagonal in reduced matrix:    0.2048E-06
      Min diagonal in reduced matrix:    0.5084E-08
      Ratio:                             0.4029E+02
      Maximum no. diagonal digits lost:   0


 Direct Solver has completed LU decomposition 
    Conditioning information: 
      Max diagonal in reduced matrix:    0.9806E+03
      Min diagonal in reduced matrix:    0.1000E+01
      Ratio:                             0.9806E+03
      Maximum no. diagonal digits lost:   3


  Newton Raphson iteration       1
  Correction norm               0.317792D-16
  Generalized Force norm        0.536699D-01
  Out of balance force norm     0.881528D-15
  Ratio                         0.164250D-13
  Tolerance                     0.100000D-04


    Step number     4 has completed successfully
    Steps remaining:                           6
    Elapsed time:                     4.0000    
    Time remaining:                   6.0000    
    Time step has been adjusted to:   1.0000    
    Max time step:                    1.0000    
    Min time step:                   0.10000E-02


 Direct Solver has completed LU decomposition 
    Conditioning information: 
      Max diagonal in reduced matrix:    0.7795E-04
      Min diagonal in reduced matrix:    0.6119E-08
      Ratio:                             0.1274E+05
      Maximum no. diagonal digits lost:   1


 Direct Solver has completed LU decomposition 
    Conditioning information: 
      Max diagonal in reduced matrix:    0.2048E-06
      Min diagonal in reduced matrix:    0.5084E-08
      Ratio:                             0.4029E+02
      Maximum no. diagonal digits lost:   0


 Direct Solver has completed LU decomposition 
    Conditioning information: 
      Max diagonal in reduced matrix:    0.9806E+03
      Min diagonal in reduced matrix:    0.1000E+01
      Ratio:                             0.9806E+03
      Maximum no. diagonal digits lost:   3


  Newton Raphson iteration       1
  Correction norm               0.289386D-16
  Generalized Force norm        0.670873D-01
  Out of balance force norm     0.882887D-15
  Ratio                         0.131603D-13
  Tolerance                     0.100000D-04


    Step number     5 has completed successfully
    Steps remaining:                           5
    Elapsed time:                     5.0000    
    Time remaining:                   5.0000    
    Time step has been adjusted to:   1.0000    
    Max time step:                    1.0000    
    Min time step:                   0.10000E-02


 Direct Solver has completed LU decomposition 
    Conditioning information: 
      Max diagonal in reduced matrix:    0.7795E-04
      Min diagonal in reduced matrix:    0.6119E-08
      Ratio:                             0.1274E+05
      Maximum no. diagonal digits lost:   1


 Direct Solver has completed LU decomposition 
    Conditioning information: 
      Max diagonal in reduced matrix:    0.2048E-06
      Min diagonal in reduced matrix:    0.5084E-08
      Ratio:                             0.4029E+02
      Maximum no. diagonal digits lost:   0


 Direct Solver has completed LU decomposition 
    Conditioning information: 
      Max diagonal in reduced matrix:    0.9806E+03
      Min diagonal in reduced matrix:    0.1000E+01
      Ratio:                             0.9806E+03
      Maximum no. diagonal digits lost:   3


  Newton Raphson iteration       1
  Correction norm               0.353537D-16
  Generalized Force norm        0.805048D-01
  Out of balance force norm     0.892127D-15
  Ratio                         0.110817D-13
  Tolerance                     0.100000D-04


    Step number     6 has completed successfully
    Steps remaining:                           4
    Elapsed time:                     6.0000    
    Time remaining:                   4.0000    
    Time step has been adjusted to:   1.0000    
    Max time step:                    1.0000    
    Min time step:                   0.10000E-02


 Direct Solver has completed LU decomposition 
    Conditioning information: 
      Max diagonal in reduced matrix:    0.7795E-04
      Min diagonal in reduced matrix:    0.6119E-08
      Ratio:                             0.1274E+05
      Maximum no. diagonal digits lost:   1


 Direct Solver has completed LU decomposition 
    Conditioning information: 
      Max diagonal in reduced matrix:    0.2048E-06
      Min diagonal in reduced matrix:    0.5084E-08
      Ratio:                             0.4029E+02
      Maximum no. diagonal digits lost:   0


 Direct Solver has completed LU decomposition 
    Conditioning information: 
      Max diagonal in reduced matrix:    0.9806E+03
      Min diagonal in reduced matrix:    0.1000E+01
      Ratio:                             0.9806E+03
      Maximum no. diagonal digits lost:   3


  Newton Raphson iteration       1
  Correction norm               0.768770D-16
  Generalized Force norm        0.939222D-01
  Out of balance force norm     0.934237D-15
  Ratio                         0.994692D-14
  Tolerance                     0.100000D-04


    Step number     7 has completed successfully
    Steps remaining:                           3
    Elapsed time:                     7.0000    
    Time remaining:                   3.0000    
    Time step has been adjusted to:   1.0000    
    Max time step:                    1.0000    
    Min time step:                   0.10000E-02


 Direct Solver has completed LU decomposition 
    Conditioning information: 
      Max diagonal in reduced matrix:    0.7795E-04
      Min diagonal in reduced matrix:    0.6119E-08
      Ratio:                             0.1274E+05
      Maximum no. diagonal digits lost:   1


 Direct Solver has completed LU decomposition 
    Conditioning information: 
      Max diagonal in reduced matrix:    0.2048E-06
      Min diagonal in reduced matrix:    0.5084E-08
      Ratio:                             0.4029E+02
      Maximum no. diagonal digits lost:   0


 Direct Solver has completed LU decomposition 
    Conditioning information: 
      Max diagonal in reduced matrix:    0.9806E+03
      Min diagonal in reduced matrix:    0.1000E+01
      Ratio:                             0.9806E+03
      Maximum no. diagonal digits lost:   3


  Newton Raphson iteration       1
  Correction norm               0.118133D-15
  Generalized Force norm        0.107340D+00
  Out of balance force norm     0.895671D-15
  Ratio                         0.834427D-14
  Tolerance                     0.100000D-04


    Step number     8 has completed successfully
    Steps remaining:                           2
    Elapsed time:                     8.0000    
    Time remaining:                   2.0000    
    Time step has been adjusted to:   1.0000    
    Max time step:                    1.0000    
    Min time step:                   0.10000E-02


 Direct Solver has completed LU decomposition 
    Conditioning information: 
      Max diagonal in reduced matrix:    0.7795E-04
      Min diagonal in reduced matrix:    0.6119E-08
      Ratio:                             0.1274E+05
      Maximum no. diagonal digits lost:   1


 Direct Solver has completed LU decomposition 
    Conditioning information: 
      Max diagonal in reduced matrix:    0.2048E-06
      Min diagonal in reduced matrix:    0.5084E-08
      Ratio:                             0.4029E+02
      Maximum no. diagonal digits lost:   0


 Direct Solver has completed LU decomposition 
    Conditioning information: 
      Max diagonal in reduced matrix:    0.9806E+03
      Min diagonal in reduced matrix:    0.1000E+01
      Ratio:                             0.9806E+03
      Maximum no. diagonal digits lost:   3


  Newton Raphson iteration       1
  Correction norm               0.103293D-15
  Generalized Force norm        0.120757D+00
  Out of balance force norm     0.889573D-15
  Ratio                         0.736663D-14
  Tolerance                     0.100000D-04


    Step number     9 has completed successfully
    Steps remaining:                           1
    Elapsed time:                     9.0000    
    Time remaining:                   1.0000    
    Time step has been adjusted to:   1.0000    
    Max time step:                    1.0000    
    Min time step:                   0.10000E-02


 Direct Solver has completed LU decomposition 
    Conditioning information: 
      Max diagonal in reduced matrix:    0.7795E-04
      Min diagonal in reduced matrix:    0.6119E-08
      Ratio:                             0.1274E+05
      Maximum no. diagonal digits lost:   1


 Direct Solver has completed LU decomposition 
    Conditioning information: 
      Max diagonal in reduced matrix:    0.2048E-06
      Min diagonal in reduced matrix:    0.5084E-08
      Ratio:                             0.4029E+02
      Maximum no. diagonal digits lost:   0


 Direct Solver has completed LU decomposition 
    Conditioning information: 
      Max diagonal in reduced matrix:    0.9806E+03
      Min diagonal in reduced matrix:    0.1000E+01
      Ratio:                             0.9806E+03
      Maximum no. diagonal digits lost:   3


  Newton Raphson iteration       1
  Correction norm               0.130718D-15
  Generalized Force norm        0.134175D+00
  Out of balance force norm     0.904919D-15
  Ratio                         0.674433D-14
  Tolerance                     0.100000D-04


    Step number    10 has completed successfully
    Steps remaining:                           0
    Elapsed time:                     10.000    
    Time remaining:                   0.0000    
    Time step has been adjusted to:   0.0000    
    Max time step:                    1.0000    
    Min time step:                   0.10000E-02


 Direct Solver has completed LU decomposition 
    Conditioning information: 
      Max diagonal in reduced matrix:    0.7795E-04
      Min diagonal in reduced matrix:    0.6119E-08
      Ratio:                             0.1274E+05
      Maximum no. diagonal digits lost:   1


 Direct Solver has completed LU decomposition 
    Conditioning information: 
      Max diagonal in reduced matrix:    0.2048E-06
      Min diagonal in reduced matrix:    0.5084E-08
      Ratio:                             0.4029E+02
      Maximum no. diagonal digits lost:   0
