

 The input file has been read successfully 
 Number of elements:             3075
 Number of nodes:                4104
 Number of constraints:             0
 Total no. degrees of freedom:  12312


 Direct Solver Profiler has completed profile computation 
     Total number of equations      12312
     Maximum half bandwidth:          596
     Mean half bandwidth:             375
     RMS half bandwidth:              390
     Size of stiffness matrix:    4613967


 Direct Solver has completed LU decomposition 
    Conditioning information: 
      Max diagonal in reduced matrix:    0.4486E+02
      Min diagonal in reduced matrix:    0.1371E+00
      Ratio:                             0.3272E+03
      Maximum no. diagonal digits lost:   2


  Newton Raphson iteration       1
  Correction norm               0.992164D+01
  Generalized Force norm        0.184209D+01
  Out of balance force norm     0.176147D+01
  Ratio                         0.149737D+00
  Tolerance                     0.100000D-04


 Direct Solver has completed LU decomposition 
    Conditioning information: 
      Max diagonal in reduced matrix:    0.5153E+02
      Min diagonal in reduced matrix:    0.1936E+00
      Ratio:                             0.2661E+03
      Maximum no. diagonal digits lost:   2


  Newton Raphson iteration       2
  Correction norm               0.107144D+00
  Generalized Force norm        0.413803D+00
  Out of balance force norm     0.117308D-01
  Ratio                         0.225182D-01
  Tolerance                     0.100000D-04


 Direct Solver has completed LU decomposition 
    Conditioning information: 
      Max diagonal in reduced matrix:    0.4385E+02
      Min diagonal in reduced matrix:    0.1865E+00
      Ratio:                             0.2351E+03
      Maximum no. diagonal digits lost:   2


  Newton Raphson iteration       3
  Correction norm               0.375569D-02
  Generalized Force norm        0.413704D+00
  Out of balance force norm     0.111713D-02
  Ratio                         0.267602D-02
  Tolerance                     0.100000D-04


 Direct Solver has completed LU decomposition 
    Conditioning information: 
      Max diagonal in reduced matrix:    0.4385E+02
      Min diagonal in reduced matrix:    0.1860E+00
      Ratio:                             0.2357E+03
      Maximum no. diagonal digits lost:   2


  Newton Raphson iteration       4
  Correction norm               0.142616D-04
  Generalized Force norm        0.413702D+00
  Out of balance force norm     0.109151D-04
  Ratio                         0.263829D-04
  Tolerance                     0.100000D-04


 Direct Solver has completed LU decomposition 
    Conditioning information: 
      Max diagonal in reduced matrix:    0.4385E+02
      Min diagonal in reduced matrix:    0.1860E+00
      Ratio:                             0.2357E+03
      Maximum no. diagonal digits lost:   2


  Newton Raphson iteration       5
  Correction norm               0.117112D-06
  Generalized Force norm        0.413702D+00
  Out of balance force norm     0.564450D-07
  Ratio                         0.136439D-06
  Tolerance                     0.100000D-04


    Step number     1 has completed successfully
    Steps remaining:                          11
    Elapsed time:                    0.25000    
    Time remaining:                   9.7500    
    Time step has been adjusted to:  0.25000    
    Max time step:                    1.0000    
    Min time step:                   0.10000E-02


 Direct Solver has completed LU decomposition 
    Conditioning information: 
      Max diagonal in reduced matrix:    0.3471E-02
      Min diagonal in reduced matrix:    0.2005E-03
      Ratio:                             0.1731E+02
      Maximum no. diagonal digits lost:   0


 Direct Solver has completed LU decomposition 
    Conditioning information: 
      Max diagonal in reduced matrix:    0.2357E+03
      Min diagonal in reduced matrix:    0.1145E+00
      Ratio:                             0.2059E+04
      Maximum no. diagonal digits lost:   3


  Newton Raphson iteration       1
  Correction norm               0.209493D+00
  Generalized Force norm        0.818359D+00
  Out of balance force norm     0.150273D+00
  Ratio                         0.146201D+00
  Tolerance                     0.100000D-04


 Direct Solver has completed LU decomposition 
    Conditioning information: 
      Max diagonal in reduced matrix:    0.4385E+02
      Min diagonal in reduced matrix:    0.2075E+00
      Ratio:                             0.2113E+03
      Maximum no. diagonal digits lost:   2


  Newton Raphson iteration       2
  Correction norm               0.290629D-01
  Generalized Force norm        0.806454D+00
  Out of balance force norm     0.566508D-01
  Ratio                         0.678033D-01
  Tolerance                     0.100000D-04


 Direct Solver has completed LU decomposition 
    Conditioning information: 
      Max diagonal in reduced matrix:    0.4386E+02
      Min diagonal in reduced matrix:    0.2054E+00
      Ratio:                             0.2136E+03
      Maximum no. diagonal digits lost:   2


  Newton Raphson iteration       3
  Correction norm               0.235986D-02
  Generalized Force norm        0.804464D+00
  Out of balance force norm     0.330227D-02
  Ratio                         0.409293D-02
  Tolerance                     0.100000D-04


 Direct Solver has completed LU decomposition 
    Conditioning information: 
      Max diagonal in reduced matrix:    0.4386E+02
      Min diagonal in reduced matrix:    0.2052E+00
      Ratio:                             0.2138E+03
      Maximum no. diagonal digits lost:   2


  Newton Raphson iteration       4
  Correction norm               0.153821D-03
  Generalized Force norm        0.804457D+00
  Out of balance force norm     0.216872D-03
  Ratio                         0.269536D-03
  Tolerance                     0.100000D-04


 Direct Solver has completed LU decomposition 
    Conditioning information: 
      Max diagonal in reduced matrix:    0.4386E+02
      Min diagonal in reduced matrix:    0.2052E+00
      Ratio:                             0.2138E+03
      Maximum no. diagonal digits lost:   2


  Newton Raphson iteration       5
  Correction norm               0.282549D-05
  Generalized Force norm        0.804457D+00
  Out of balance force norm     0.331209D-05
  Ratio                         0.411717D-05
  Tolerance                     0.100000D-04


    Step number     2 has completed successfully
    Steps remaining:                          10
    Elapsed time:                    0.50000    
    Time remaining:                   9.5000    
    Time step has been adjusted to:  0.25000    
    Max time step:                    1.0000    
    Min time step:                   0.10000E-02


 Direct Solver has completed LU decomposition 
    Conditioning information: 
      Max diagonal in reduced matrix:    0.3471E-02
      Min diagonal in reduced matrix:    0.2005E-03
      Ratio:                             0.1731E+02
      Maximum no. diagonal digits lost:   0


 Direct Solver has completed LU decomposition 
    Conditioning information: 
      Max diagonal in reduced matrix:    0.8188E+02
      Min diagonal in reduced matrix:    0.1813E+00
      Ratio:                             0.4516E+03
      Maximum no. diagonal digits lost:   2


  Newton Raphson iteration       1
  Correction norm               0.185673D+00
  Generalized Force norm        0.118224D+01
  Out of balance force norm     0.136629D+00
  Ratio                         0.998813D-01
  Tolerance                     0.100000D-04


 Direct Solver has completed LU decomposition 
    Conditioning information: 
      Max diagonal in reduced matrix:    0.4497E+02
      Min diagonal in reduced matrix:    0.2178E+00
      Ratio:                             0.2065E+03
      Maximum no. diagonal digits lost:   2


  Newton Raphson iteration       2
  Correction norm               0.290190D-01
  Generalized Force norm        0.117536D+01
  Out of balance force norm     0.541343D-01
  Ratio                         0.449480D-01
  Tolerance                     0.100000D-04


 Direct Solver has completed LU decomposition 
    Conditioning information: 
      Max diagonal in reduced matrix:    0.4499E+02
      Min diagonal in reduced matrix:    0.2160E+00
      Ratio:                             0.2082E+03
      Maximum no. diagonal digits lost:   2


  Newton Raphson iteration       3
  Correction norm               0.193747D-02
  Generalized Force norm        0.117412D+01
  Out of balance force norm     0.531285D-02
  Ratio                         0.451752D-02
  Tolerance                     0.100000D-04


 Direct Solver has completed LU decomposition 
    Conditioning information: 
      Max diagonal in reduced matrix:    0.4498E+02
      Min diagonal in reduced matrix:    0.2158E+00
      Ratio:                             0.2084E+03
      Maximum no. diagonal digits lost:   2


  Newton Raphson iteration       4
  Correction norm               0.112316D-03
  Generalized Force norm        0.117410D+01
  Out of balance force norm     0.250896D-03
  Ratio                         0.213671D-03
  Tolerance                     0.100000D-04


 Direct Solver has completed LU decomposition 
    Conditioning information: 
      Max diagonal in reduced matrix:    0.4498E+02
      Min diagonal in reduced matrix:    0.2158E+00
      Ratio:                             0.2084E+03
      Maximum no. diagonal digits lost:   2


  Newton Raphson iteration       5
  Correction norm               0.369037D-05
  Generalized Force norm        0.117410D+01
  Out of balance force norm     0.735828D-05
  Ratio                         0.626713D-05
  Tolerance                     0.100000D-04


    Step number     3 has completed successfully
    Steps remaining:                           9
    Elapsed time:                    0.75000    
    Time remaining:                   9.2500    
    Time step has been adjusted to:  0.25000    
    Max time step:                    1.0000    
    Min time step:                   0.10000E-02


 Direct Solver has completed LU decomposition 
    Conditioning information: 
      Max diagonal in reduced matrix:    0.3471E-02
      Min diagonal in reduced matrix:    0.2005E-03
      Ratio:                             0.1731E+02
      Maximum no. diagonal digits lost:   0


 Direct Solver has completed LU decomposition 
    Conditioning information: 
      Max diagonal in reduced matrix:    0.4642E+02
      Min diagonal in reduced matrix:    0.2881E+00
      Ratio:                             0.1611E+03
      Maximum no. diagonal digits lost:   2


  Newton Raphson iteration       1
  Correction norm               0.161740D+00
  Generalized Force norm        0.152832D+01
  Out of balance force norm     0.103202D+00
  Ratio                         0.610640D-01
  Tolerance                     0.100000D-04


 Direct Solver has completed LU decomposition 
    Conditioning information: 
      Max diagonal in reduced matrix:    0.4617E+02
      Min diagonal in reduced matrix:    0.2243E+00
      Ratio:                             0.2058E+03
      Maximum no. diagonal digits lost:   2


  Newton Raphson iteration       2
  Correction norm               0.240781D-01
  Generalized Force norm        0.152527D+01
  Out of balance force norm     0.471285D-01
  Ratio                         0.304183D-01
  Tolerance                     0.100000D-04


 Direct Solver has completed LU decomposition 
    Conditioning information: 
      Max diagonal in reduced matrix:    0.4618E+02
      Min diagonal in reduced matrix:    0.2230E+00
      Ratio:                             0.2071E+03
      Maximum no. diagonal digits lost:   2


  Newton Raphson iteration       3
  Correction norm               0.105865D-02
  Generalized Force norm        0.152455D+01
  Out of balance force norm     0.520360D-02
  Ratio                         0.341083D-02
  Tolerance                     0.100000D-04


 Direct Solver has completed LU decomposition 
    Conditioning information: 
      Max diagonal in reduced matrix:    0.4617E+02
      Min diagonal in reduced matrix:    0.2229E+00
      Ratio:                             0.2072E+03
      Maximum no. diagonal digits lost:   2


  Newton Raphson iteration       4
  Correction norm               0.460180D-04
  Generalized Force norm        0.152454D+01
  Out of balance force norm     0.127691D-03
  Ratio                         0.837542D-04
  Tolerance                     0.100000D-04


 Direct Solver has completed LU decomposition 
    Conditioning information: 
      Max diagonal in reduced matrix:    0.4617E+02
      Min diagonal in reduced matrix:    0.2229E+00
      Ratio:                             0.2072E+03
      Maximum no. diagonal digits lost:   2


  Newton Raphson iteration       5
  Correction norm               0.252664D-05
  Generalized Force norm        0.152454D+01
  Out of balance force norm     0.737637D-05
  Ratio                         0.483841D-05
  Tolerance                     0.100000D-04


    Step number     4 has completed successfully
    Steps remaining:                           8
    Elapsed time:                     1.0000    
    Time remaining:                   9.0000    
    Time step has been adjusted to:  0.25000    
    Max time step:                    1.0000    
    Min time step:                   0.10000E-02


 Direct Solver has completed LU decomposition 
    Conditioning information: 
      Max diagonal in reduced matrix:    0.3471E-02
      Min diagonal in reduced matrix:    0.2005E-03
      Ratio:                             0.1731E+02
      Maximum no. diagonal digits lost:   0


 Direct Solver has completed LU decomposition 
    Conditioning information: 
      Max diagonal in reduced matrix:    0.1165E+03
      Min diagonal in reduced matrix:    0.2405E-01
      Ratio:                             0.4845E+04
      Maximum no. diagonal digits lost:   3


  Newton Raphson iteration       1
  Correction norm               0.140628D+00
  Generalized Force norm        0.185969D+01
  Out of balance force norm     0.816732D-01
  Ratio                         0.408301D-01
  Tolerance                     0.100000D-04


 Direct Solver has completed LU decomposition 
    Conditioning information: 
      Max diagonal in reduced matrix:    0.4837E+02
      Min diagonal in reduced matrix:    0.2291E+00
      Ratio:                             0.2112E+03
      Maximum no. diagonal digits lost:   2


  Newton Raphson iteration       2
  Correction norm               0.185308D-01
  Generalized Force norm        0.185816D+01
  Out of balance force norm     0.451679D-01
  Ratio                         0.240679D-01
  Tolerance                     0.100000D-04


 Direct Solver has completed LU decomposition 
    Conditioning information: 
      Max diagonal in reduced matrix:    0.4837E+02
      Min diagonal in reduced matrix:    0.2280E+00
      Ratio:                             0.2121E+03
      Maximum no. diagonal digits lost:   2


  Newton Raphson iteration       3
  Correction norm               0.556028D-03
  Generalized Force norm        0.185761D+01
  Out of balance force norm     0.421472D-02
  Ratio                         0.226821D-02
  Tolerance                     0.100000D-04


 Direct Solver has completed LU decomposition 
    Conditioning information: 
      Max diagonal in reduced matrix:    0.4837E+02
      Min diagonal in reduced matrix:    0.2280E+00
      Ratio:                             0.2121E+03
      Maximum no. diagonal digits lost:   2


  Newton Raphson iteration       4
  Correction norm               0.271677D-04
  Generalized Force norm        0.185761D+01
  Out of balance force norm     0.106853D-03
  Ratio                         0.575212D-04
  Tolerance                     0.100000D-04


 Direct Solver has completed LU decomposition 
    Conditioning information: 
      Max diagonal in reduced matrix:    0.4837E+02
      Min diagonal in reduced matrix:    0.2280E+00
      Ratio:                             0.2121E+03
      Maximum no. diagonal digits lost:   2


  Newton Raphson iteration       5
  Correction norm               0.183583D-05
  Generalized Force norm        0.185761D+01
  Out of balance force norm     0.716670D-05
  Ratio                         0.385802D-05
  Tolerance                     0.100000D-04


    Step number     5 has completed successfully
    Steps remaining:                           7
    Elapsed time:                     1.2500    
    Time remaining:                   8.7500    
    Time step has been adjusted to:  0.25000    
    Max time step:                    1.0000    
    Min time step:                   0.10000E-02


 Direct Solver has completed LU decomposition 
    Conditioning information: 
      Max diagonal in reduced matrix:    0.3471E-02
      Min diagonal in reduced matrix:    0.2005E-03
      Ratio:                             0.1731E+02
      Maximum no. diagonal digits lost:   0


 Direct Solver has completed LU decomposition 
    Conditioning information: 
      Max diagonal in reduced matrix:    0.5074E+02
      Min diagonal in reduced matrix:    0.4386E+00
      Ratio:                             0.1157E+03
      Maximum no. diagonal digits lost:   2


  Newton Raphson iteration       1
  Correction norm               0.122807D+00
  Generalized Force norm        0.217641D+01
  Out of balance force norm     0.694147D-01
  Ratio                         0.301906D-01
  Tolerance                     0.100000D-04


 Direct Solver has completed LU decomposition 
    Conditioning information: 
      Max diagonal in reduced matrix:    0.5054E+02
      Min diagonal in reduced matrix:    0.2328E+00
      Ratio:                             0.2171E+03
      Maximum no. diagonal digits lost:   2


  Newton Raphson iteration       2
  Correction norm               0.139611D-01
  Generalized Force norm        0.217546D+01
  Out of balance force norm     0.428783D-01
  Ratio                         0.195843D-01
  Tolerance                     0.100000D-04


 Direct Solver has completed LU decomposition 
    Conditioning information: 
      Max diagonal in reduced matrix:    0.5054E+02
      Min diagonal in reduced matrix:    0.2320E+00
      Ratio:                             0.2179E+03
      Maximum no. diagonal digits lost:   2


  Newton Raphson iteration       3
  Correction norm               0.327150D-03
  Generalized Force norm        0.217504D+01
  Out of balance force norm     0.330341D-02
  Ratio                         0.151855D-02
  Tolerance                     0.100000D-04


 Direct Solver has completed LU decomposition 
    Conditioning information: 
      Max diagonal in reduced matrix:    0.5054E+02
      Min diagonal in reduced matrix:    0.2320E+00
      Ratio:                             0.2178E+03
      Maximum no. diagonal digits lost:   2


  Newton Raphson iteration       4
  Correction norm               0.197220D-04
  Generalized Force norm        0.217504D+01
  Out of balance force norm     0.970837D-04
  Ratio                         0.446350D-04
  Tolerance                     0.100000D-04


 Direct Solver has completed LU decomposition 
    Conditioning information: 
      Max diagonal in reduced matrix:    0.5054E+02
      Min diagonal in reduced matrix:    0.2320E+00
      Ratio:                             0.2178E+03
      Maximum no. diagonal digits lost:   2


  Newton Raphson iteration       5
  Correction norm               0.154477D-05
  Generalized Force norm        0.217504D+01
  Out of balance force norm     0.814095D-05
  Ratio                         0.374290D-05
  Tolerance                     0.100000D-04


    Step number     6 has completed successfully
    Steps remaining:                           6
    Elapsed time:                     1.5000    
    Time remaining:                   8.5000    
    Time step has been adjusted to:  0.25000    
    Max time step:                    1.0000    
    Min time step:                   0.10000E-02


 Direct Solver has completed LU decomposition 
    Conditioning information: 
      Max diagonal in reduced matrix:    0.3471E-02
      Min diagonal in reduced matrix:    0.2005E-03
      Ratio:                             0.1731E+02
      Maximum no. diagonal digits lost:   0


 Direct Solver has completed LU decomposition 
    Conditioning information: 
      Max diagonal in reduced matrix:    0.5283E+02
      Min diagonal in reduced matrix:    0.5171E+00
      Ratio:                             0.1022E+03
      Maximum no. diagonal digits lost:   2


  Newton Raphson iteration       1
  Correction norm               0.107856D+00
  Generalized Force norm        0.247941D+01
  Out of balance force norm     0.613146D-01
  Ratio                         0.236986D-01
  Tolerance                     0.100000D-04


 Direct Solver has completed LU decomposition 
    Conditioning information: 
      Max diagonal in reduced matrix:    0.5268E+02
      Min diagonal in reduced matrix:    0.2359E+00
      Ratio:                             0.2233E+03
      Maximum no. diagonal digits lost:   2


  Newton Raphson iteration       2
  Correction norm               0.105094D-01
  Generalized Force norm        0.247873D+01
  Out of balance force norm     0.392883D-01
  Ratio                         0.157832D-01
  Tolerance                     0.100000D-04


 Direct Solver has completed LU decomposition 
    Conditioning information: 
      Max diagonal in reduced matrix:    0.5269E+02
      Min diagonal in reduced matrix:    0.2352E+00
      Ratio:                             0.2240E+03
      Maximum no. diagonal digits lost:   2


  Newton Raphson iteration       3
  Correction norm               0.218010D-03
  Generalized Force norm        0.247842D+01
  Out of balance force norm     0.264063D-02
  Ratio                         0.106536D-02
  Tolerance                     0.100000D-04


 Direct Solver has completed LU decomposition 
    Conditioning information: 
      Max diagonal in reduced matrix:    0.5269E+02
      Min diagonal in reduced matrix:    0.2353E+00
      Ratio:                             0.2239E+03
      Maximum no. diagonal digits lost:   2


  Newton Raphson iteration       4
  Correction norm               0.152814D-04
  Generalized Force norm        0.247842D+01
  Out of balance force norm     0.918770D-04
  Ratio                         0.370706D-04
  Tolerance                     0.100000D-04


 Direct Solver has completed LU decomposition 
    Conditioning information: 
      Max diagonal in reduced matrix:    0.5269E+02
      Min diagonal in reduced matrix:    0.2353E+00
      Ratio:                             0.2239E+03
      Maximum no. diagonal digits lost:   2


  Newton Raphson iteration       5
  Correction norm               0.139269D-05
  Generalized Force norm        0.247842D+01
  Out of balance force norm     0.976778D-05
  Ratio                         0.394112D-05
  Tolerance                     0.100000D-04


    Step number     7 has completed successfully
    Steps remaining:                           5
    Elapsed time:                     1.7500    
    Time remaining:                   8.2500    
    Time step has been adjusted to:  0.25000    
    Max time step:                    1.0000    
    Min time step:                   0.10000E-02


 Direct Solver has completed LU decomposition 
    Conditioning information: 
      Max diagonal in reduced matrix:    0.3471E-02
      Min diagonal in reduced matrix:    0.2005E-03
      Ratio:                             0.1731E+02
      Maximum no. diagonal digits lost:   0


 Direct Solver has completed LU decomposition 
    Conditioning information: 
      Max diagonal in reduced matrix:    0.1155E+03
      Min diagonal in reduced matrix:    0.5808E+00
      Ratio:                             0.1989E+03
      Maximum no. diagonal digits lost:   2


  Newton Raphson iteration       1
  Correction norm               0.952466D-01
  Generalized Force norm        0.276996D+01
  Out of balance force norm     0.552447D-01
  Ratio                         0.192812D-01
  Tolerance                     0.100000D-04


 Direct Solver has completed LU decomposition 
    Conditioning information: 
      Max diagonal in reduced matrix:    0.5479E+02
      Min diagonal in reduced matrix:    0.2386E+00
      Ratio:                             0.2297E+03
      Maximum no. diagonal digits lost:   2


  Newton Raphson iteration       2
  Correction norm               0.796545D-02
  Generalized Force norm        0.276944D+01
  Out of balance force norm     0.352416D-01
  Ratio                         0.126887D-01
  Tolerance                     0.100000D-04


 Direct Solver has completed LU decomposition 
    Conditioning information: 
      Max diagonal in reduced matrix:    0.5480E+02
      Min diagonal in reduced matrix:    0.2380E+00
      Ratio:                             0.2303E+03
      Maximum no. diagonal digits lost:   2


  Newton Raphson iteration       3
  Correction norm               0.159124D-03
  Generalized Force norm        0.276921D+01
  Out of balance force norm     0.218756D-02
  Ratio                         0.789912D-03
  Tolerance                     0.100000D-04


 Direct Solver has completed LU decomposition 
    Conditioning information: 
      Max diagonal in reduced matrix:    0.5480E+02
      Min diagonal in reduced matrix:    0.2381E+00
      Ratio:                             0.2301E+03
      Maximum no. diagonal digits lost:   2


  Newton Raphson iteration       4
  Correction norm               0.123887D-04
  Generalized Force norm        0.276921D+01
  Out of balance force norm     0.948398D-04
  Ratio                         0.342478D-04
  Tolerance                     0.100000D-04


 Direct Solver has completed LU decomposition 
    Conditioning information: 
      Max diagonal in reduced matrix:    0.5480E+02
      Min diagonal in reduced matrix:    0.2381E+00
      Ratio:                             0.2301E+03
      Maximum no. diagonal digits lost:   2


  Newton Raphson iteration       5
  Correction norm               0.128501D-05
  Generalized Force norm        0.276921D+01
  Out of balance force norm     0.115639D-04
  Ratio                         0.417586D-05
  Tolerance                     0.100000D-04


    Step number     8 has completed successfully
    Steps remaining:                           4
    Elapsed time:                     2.0000    
    Time remaining:                   8.0000    
    Time step has been adjusted to:  0.25000    
    Max time step:                    1.0000    
    Min time step:                   0.10000E-02


 Direct Solver has completed LU decomposition 
    Conditioning information: 
      Max diagonal in reduced matrix:    0.3471E-02
      Min diagonal in reduced matrix:    0.2005E-03
      Ratio:                             0.1731E+02
      Maximum no. diagonal digits lost:   0


 Direct Solver has completed LU decomposition 
    Conditioning information: 
      Max diagonal in reduced matrix:    0.1360E+03
      Min diagonal in reduced matrix:    0.6621E+00
      Ratio:                             0.2055E+03
      Maximum no. diagonal digits lost:   2


  Newton Raphson iteration       1
  Correction norm               0.845355D-01
  Generalized Force norm        0.304929D+01
  Out of balance force norm     0.503808D-01
  Ratio                         0.160764D-01
  Tolerance                     0.100000D-04


 Direct Solver has completed LU decomposition 
    Conditioning information: 
      Max diagonal in reduced matrix:    0.5703E+02
      Min diagonal in reduced matrix:    0.2410E+00
      Ratio:                             0.2367E+03
      Maximum no. diagonal digits lost:   2


  Newton Raphson iteration       2
  Correction norm               0.610208D-02
  Generalized Force norm        0.304887D+01
  Out of balance force norm     0.313265D-01
  Ratio                         0.102543D-01
  Tolerance                     0.100000D-04


 Direct Solver has completed LU decomposition 
    Conditioning information: 
      Max diagonal in reduced matrix:    0.5703E+02
      Min diagonal in reduced matrix:    0.2404E+00
      Ratio:                             0.2372E+03
      Maximum no. diagonal digits lost:   2


  Newton Raphson iteration       3
  Correction norm               0.123012D-03
  Generalized Force norm        0.304871D+01
  Out of balance force norm     0.188550D-02
  Ratio                         0.618431D-03
  Tolerance                     0.100000D-04


 Direct Solver has completed LU decomposition 
    Conditioning information: 
      Max diagonal in reduced matrix:    0.5703E+02
      Min diagonal in reduced matrix:    0.2406E+00
      Ratio:                             0.2371E+03
      Maximum no. diagonal digits lost:   2


  Newton Raphson iteration       4
  Correction norm               0.103570D-04
  Generalized Force norm        0.304871D+01
  Out of balance force norm     0.101659D-03
  Ratio                         0.333448D-04
  Tolerance                     0.100000D-04


 Direct Solver has completed LU decomposition 
    Conditioning information: 
      Max diagonal in reduced matrix:    0.5703E+02
      Min diagonal in reduced matrix:    0.2406E+00
      Ratio:                             0.2371E+03
      Maximum no. diagonal digits lost:   2


  Newton Raphson iteration       5
  Correction norm               0.119499D-05
  Generalized Force norm        0.304871D+01
  Out of balance force norm     0.133489D-04
  Ratio                         0.437855D-05
  Tolerance                     0.100000D-04


    Step number     9 has completed successfully
    Steps remaining:                           3
    Elapsed time:                     2.2500    
    Time remaining:                   7.7500    
    Time step has been adjusted to:  0.25000    
    Max time step:                    1.0000    
    Min time step:                   0.10000E-02


 Direct Solver has completed LU decomposition 
    Conditioning information: 
      Max diagonal in reduced matrix:    0.3471E-02
      Min diagonal in reduced matrix:    0.2005E-03
      Ratio:                             0.1731E+02
      Maximum no. diagonal digits lost:   0


 Direct Solver has completed LU decomposition 
    Conditioning information: 
      Max diagonal in reduced matrix:    0.3009E+03
      Min diagonal in reduced matrix:    0.7932E-01
      Ratio:                             0.3794E+04
      Maximum no. diagonal digits lost:   3


  Newton Raphson iteration       1
  Correction norm               0.753810D-01
  Generalized Force norm        0.331855D+01
  Out of balance force norm     0.463423D-01
  Ratio                         0.136545D-01
  Tolerance                     0.100000D-04


 Direct Solver has completed LU decomposition 
    Conditioning information: 
      Max diagonal in reduced matrix:    0.5929E+02
      Min diagonal in reduced matrix:    0.2431E+00
      Ratio:                             0.2439E+03
      Maximum no. diagonal digits lost:   2


  Newton Raphson iteration       2
  Correction norm               0.473747D-02
  Generalized Force norm        0.331820D+01
  Out of balance force norm     0.277957D-01
  Ratio                         0.836480D-02
  Tolerance                     0.100000D-04


 Direct Solver has completed LU decomposition 
    Conditioning information: 
      Max diagonal in reduced matrix:    0.5929E+02
      Min diagonal in reduced matrix:    0.2426E+00
      Ratio:                             0.2444E+03
      Maximum no. diagonal digits lost:   2


  Newton Raphson iteration       3
  Correction norm               0.985588D-04
  Generalized Force norm        0.331808D+01
  Out of balance force norm     0.168710D-02
  Ratio                         0.508441D-03
  Tolerance                     0.100000D-04


 Direct Solver has completed LU decomposition 
    Conditioning information: 
      Max diagonal in reduced matrix:    0.5929E+02
      Min diagonal in reduced matrix:    0.2427E+00
      Ratio:                             0.2443E+03
      Maximum no. diagonal digits lost:   2


  Newton Raphson iteration       4
  Correction norm               0.886069D-05
  Generalized Force norm        0.331808D+01
  Out of balance force norm     0.109568D-03
  Ratio                         0.330213D-04
  Tolerance                     0.100000D-04


 Direct Solver has completed LU decomposition 
    Conditioning information: 
      Max diagonal in reduced matrix:    0.5929E+02
      Min diagonal in reduced matrix:    0.2427E+00
      Ratio:                             0.2443E+03
      Maximum no. diagonal digits lost:   2
