

 The input file has been read successfully 
 Number of elements:             3075
 Number of nodes:                4104
 Number of constraints:             0
 Total no. degrees of freedom:  12312


 Direct Solver Profiler has completed profile computation 
     Total number of equations      12312
     Maximum half bandwidth:          596
     Mean half bandwidth:             375
     RMS half bandwidth:              390
     Size of stiffness matrix:    4613967


 Direct Solver has completed LU decomposition 
    Conditioning information: 
      Max diagonal in reduced matrix:    0.5882E+05
      Min diagonal in reduced matrix:    0.4594E+00
      Ratio:                             0.1280E+06
      Maximum no. diagonal digits lost:   5


    Step number     1 has completed successfully
    Steps remaining:                           0
    Elapsed time:                     1.0000    
    Time remaining:                   9.0000    
    Time step has been adjusted to:   1.0000    
    Max time step:                    1.0000    
    Min time step:                   0.10000E-02


 Direct Solver has completed LU decomposition 
    Conditioning information: 
      Max diagonal in reduced matrix:    0.3471E-02
      Min diagonal in reduced matrix:    0.2005E-03
      Ratio:                             0.1731E+02
      Maximum no. diagonal digits lost:   0
