

 The input file has been read successfully 
 Number of elements:              250
 Number of nodes:                 281
 Number of constraints:             0
 Total no. degrees of freedom:    562

  Column            1  node            1  DOF            1
 Row    1 node    1 DOF    1 Stiffness     0.37870D+06 Numerical deriv     0.37870D+06
 Row    2 node    1 DOF    2 Stiffness     0.42561D+06 Numerical deriv     0.42561D+06
 Row    3 node    2 DOF    1 Stiffness    -0.39044D+06 Numerical deriv    -0.39044D+06
 Row    4 node    2 DOF    2 Stiffness     0.39450D+06 Numerical deriv     0.39450D+06
 Row    5 node    3 DOF    1 Stiffness    -0.37869D+06 Numerical deriv    -0.37869D+06
 Row    6 node    3 DOF    2 Stiffness    -0.42561D+06 Numerical deriv    -0.42561D+06
 Row    7 node    4 DOF    1 Stiffness     0.39043D+06 Numerical deriv     0.39043D+06
 Row    8 node    4 DOF    2 Stiffness    -0.39450D+06 Numerical deriv    -0.39450D+06

  Column            2  node            1  DOF            2
 Row    1 node    1 DOF    1 Stiffness     0.42561D+06 Numerical deriv     0.42561D+06
 Row    2 node    1 DOF    2 Stiffness     0.47838D+06 Numerical deriv     0.47838D+06
 Row    3 node    2 DOF    1 Stiffness    -0.43880D+06 Numerical deriv    -0.43880D+06
 Row    4 node    2 DOF    2 Stiffness     0.44341D+06 Numerical deriv     0.44341D+06
 Row    5 node    3 DOF    1 Stiffness    -0.42561D+06 Numerical deriv    -0.42561D+06
 Row    6 node    3 DOF    2 Stiffness    -0.47836D+06 Numerical deriv    -0.47836D+06
 Row    7 node    4 DOF    1 Stiffness     0.43880D+06 Numerical deriv     0.43880D+06
 Row    8 node    4 DOF    2 Stiffness    -0.44342D+06 Numerical deriv    -0.44342D+06

  Column            3  node            2  DOF            1
 Row    1 node    1 DOF    1 Stiffness    -0.39044D+06 Numerical deriv    -0.39044D+06
 Row    2 node    1 DOF    2 Stiffness    -0.43880D+06 Numerical deriv    -0.43880D+06
 Row    3 node    2 DOF    1 Stiffness     0.40258D+06 Numerical deriv     0.40258D+06
 Row    4 node    2 DOF    2 Stiffness    -0.40677D+06 Numerical deriv    -0.40677D+06
 Row    5 node    3 DOF    1 Stiffness     0.39043D+06 Numerical deriv     0.39043D+06
 Row    6 node    3 DOF    2 Stiffness     0.43880D+06 Numerical deriv     0.43880D+06
 Row    7 node    4 DOF    1 Stiffness    -0.40256D+06 Numerical deriv    -0.40256D+06
 Row    8 node    4 DOF    2 Stiffness     0.40677D+06 Numerical deriv     0.40677D+06

  Column            4  node            2  DOF            2
 Row    1 node    1 DOF    1 Stiffness     0.39450D+06 Numerical deriv     0.39450D+06
 Row    2 node    1 DOF    2 Stiffness     0.44341D+06 Numerical deriv     0.44341D+06
 Row    3 node    2 DOF    1 Stiffness    -0.40677D+06 Numerical deriv    -0.40677D+06
 Row    4 node    2 DOF    2 Stiffness     0.41105D+06 Numerical deriv     0.41105D+06
 Row    5 node    3 DOF    1 Stiffness    -0.39450D+06 Numerical deriv    -0.39450D+06
 Row    6 node    3 DOF    2 Stiffness    -0.44342D+06 Numerical deriv    -0.44342D+06
 Row    7 node    4 DOF    1 Stiffness     0.40677D+06 Numerical deriv     0.40677D+06
 Row    8 node    4 DOF    2 Stiffness    -0.41103D+06 Numerical deriv    -0.41103D+06

  Column            5  node            3  DOF            1
 Row    1 node    1 DOF    1 Stiffness    -0.37869D+06 Numerical deriv    -0.37869D+06
 Row    2 node    1 DOF    2 Stiffness    -0.42561D+06 Numerical deriv    -0.42561D+06
 Row    3 node    2 DOF    1 Stiffness     0.39043D+06 Numerical deriv     0.39043D+06
 Row    4 node    2 DOF    2 Stiffness    -0.39450D+06 Numerical deriv    -0.39450D+06
 Row    5 node    3 DOF    1 Stiffness     0.37870D+06 Numerical deriv     0.37870D+06
 Row    6 node    3 DOF    2 Stiffness     0.42561D+06 Numerical deriv     0.42561D+06
 Row    7 node    4 DOF    1 Stiffness    -0.39044D+06 Numerical deriv    -0.39044D+06
 Row    8 node    4 DOF    2 Stiffness     0.39450D+06 Numerical deriv     0.39450D+06

  Column            6  node            3  DOF            2
 Row    1 node    1 DOF    1 Stiffness    -0.42561D+06 Numerical deriv    -0.42561D+06
 Row    2 node    1 DOF    2 Stiffness    -0.47836D+06 Numerical deriv    -0.47836D+06
 Row    3 node    2 DOF    1 Stiffness     0.43880D+06 Numerical deriv     0.43880D+06
 Row    4 node    2 DOF    2 Stiffness    -0.44342D+06 Numerical deriv    -0.44342D+06
 Row    5 node    3 DOF    1 Stiffness     0.42561D+06 Numerical deriv     0.42561D+06
 Row    6 node    3 DOF    2 Stiffness     0.47838D+06 Numerical deriv     0.47838D+06
 Row    7 node    4 DOF    1 Stiffness    -0.43880D+06 Numerical deriv    -0.43880D+06
 Row    8 node    4 DOF    2 Stiffness     0.44341D+06 Numerical deriv     0.44341D+06

  Column            7  node            4  DOF            1
 Row    1 node    1 DOF    1 Stiffness     0.39043D+06 Numerical deriv     0.39043D+06
 Row    2 node    1 DOF    2 Stiffness     0.43880D+06 Numerical deriv     0.43880D+06
 Row    3 node    2 DOF    1 Stiffness    -0.40256D+06 Numerical deriv    -0.40256D+06
 Row    4 node    2 DOF    2 Stiffness     0.40677D+06 Numerical deriv     0.40677D+06
 Row    5 node    3 DOF    1 Stiffness    -0.39044D+06 Numerical deriv    -0.39044D+06
 Row    6 node    3 DOF    2 Stiffness    -0.43880D+06 Numerical deriv    -0.43880D+06
 Row    7 node    4 DOF    1 Stiffness     0.40257D+06 Numerical deriv     0.40257D+06
 Row    8 node    4 DOF    2 Stiffness    -0.40677D+06 Numerical deriv    -0.40677D+06

  Column            8  node            4  DOF            2
 Row    1 node    1 DOF    1 Stiffness    -0.39450D+06 Numerical deriv    -0.39450D+06
 Row    2 node    1 DOF    2 Stiffness    -0.44342D+06 Numerical deriv    -0.44342D+06
 Row    3 node    2 DOF    1 Stiffness     0.40677D+06 Numerical deriv     0.40677D+06
 Row    4 node    2 DOF    2 Stiffness    -0.41103D+06 Numerical deriv    -0.41103D+06
 Row    5 node    3 DOF    1 Stiffness     0.39450D+06 Numerical deriv     0.39450D+06
 Row    6 node    3 DOF    2 Stiffness     0.44341D+06 Numerical deriv     0.44341D+06
 Row    7 node    4 DOF    1 Stiffness    -0.40677D+06 Numerical deriv    -0.40677D+06
 Row    8 node    4 DOF    2 Stiffness     0.41104D+06 Numerical deriv     0.41104D+06


 Stiffness matrix is consistent with residual 




 Direct Solver Profiler has completed profile computation 
     Total number of equations        562
     Maximum half bandwidth:           43
     Mean half bandwidth:              31
     RMS half bandwidth:               32
     Size of stiffness matrix:      17161


 Direct Solver has completed LU decomposition 
    Conditioning information: 
      Max diagonal in reduced matrix:    0.1367E+07
      Min diagonal in reduced matrix:    0.1000E+01
      Ratio:                             0.1367E+07
      Maximum no. diagonal digits lost:   6


    Step number     1 has completed successfully
    Steps remaining:                           2
    Elapsed time:                     1.0000    
    Time remaining:                   9.0000    
    Time step has been adjusted to:   1.0000    
    Max time step:                    1.0000    
    Min time step:                   0.10000E-02


 Direct Solver has completed LU decomposition 
    Conditioning information: 
      Max diagonal in reduced matrix:    0.2491E-03
      Min diagonal in reduced matrix:    0.3288E-04
      Ratio:                             0.7577E+01
      Maximum no. diagonal digits lost:   1


 Direct Solver has completed LU decomposition 
    Conditioning information: 
      Max diagonal in reduced matrix:    0.1367E+07
      Min diagonal in reduced matrix:    0.1000E+01
      Ratio:                             0.1367E+07
      Maximum no. diagonal digits lost:   6


    Step number     2 has completed successfully
    Steps remaining:                           1
    Elapsed time:                     2.0000    
    Time remaining:                   8.0000    
    Time step has been adjusted to:   1.0000    
    Max time step:                    1.0000    
    Min time step:                   0.10000E-02


 Direct Solver has completed LU decomposition 
    Conditioning information: 
      Max diagonal in reduced matrix:    0.2491E-03
      Min diagonal in reduced matrix:    0.3288E-04
      Ratio:                             0.7577E+01
      Maximum no. diagonal digits lost:   1


 Direct Solver has completed LU decomposition 
    Conditioning information: 
      Max diagonal in reduced matrix:    0.1367E+07
      Min diagonal in reduced matrix:    0.1000E+01
      Ratio:                             0.1367E+07
      Maximum no. diagonal digits lost:   6


    Step number     3 has completed successfully
    Steps remaining:                           0
    Elapsed time:                     3.0000    
    Time remaining:                   7.0000    
    Time step has been adjusted to:   1.0000    
    Max time step:                    1.0000    
    Min time step:                   0.10000E-02


 Direct Solver has completed LU decomposition 
    Conditioning information: 
      Max diagonal in reduced matrix:    0.2491E-03
      Min diagonal in reduced matrix:    0.3288E-04
      Ratio:                             0.7577E+01
      Maximum no. diagonal digits lost:   1

  Column            1  node            1  DOF            1
 Row    1 node    1 DOF    1 Stiffness     0.37870D+06 Numerical deriv     0.37870D+06
 Row    2 node    1 DOF    2 Stiffness     0.42561D+06 Numerical deriv     0.42561D+06
 Row    3 node    2 DOF    1 Stiffness    -0.39044D+06 Numerical deriv    -0.39044D+06
 Row    4 node    2 DOF    2 Stiffness     0.39450D+06 Numerical deriv     0.39450D+06
 Row    5 node    3 DOF    1 Stiffness    -0.37869D+06 Numerical deriv    -0.37869D+06
 Row    6 node    3 DOF    2 Stiffness    -0.42561D+06 Numerical deriv    -0.42561D+06
 Row    7 node    4 DOF    1 Stiffness     0.39043D+06 Numerical deriv     0.39043D+06
 Row    8 node    4 DOF    2 Stiffness    -0.39450D+06 Numerical deriv    -0.39450D+06

  Column            2  node            1  DOF            2
 Row    1 node    1 DOF    1 Stiffness     0.42561D+06 Numerical deriv     0.42561D+06
 Row    2 node    1 DOF    2 Stiffness     0.47838D+06 Numerical deriv     0.47838D+06
 Row    3 node    2 DOF    1 Stiffness    -0.43880D+06 Numerical deriv    -0.43880D+06
 Row    4 node    2 DOF    2 Stiffness     0.44341D+06 Numerical deriv     0.44341D+06
 Row    5 node    3 DOF    1 Stiffness    -0.42561D+06 Numerical deriv    -0.42561D+06
 Row    6 node    3 DOF    2 Stiffness    -0.47836D+06 Numerical deriv    -0.47836D+06
 Row    7 node    4 DOF    1 Stiffness     0.43880D+06 Numerical deriv     0.43880D+06
 Row    8 node    4 DOF    2 Stiffness    -0.44342D+06 Numerical deriv    -0.44342D+06

  Column            3  node            2  DOF            1
 Row    1 node    1 DOF    1 Stiffness    -0.39044D+06 Numerical deriv    -0.39044D+06
 Row    2 node    1 DOF    2 Stiffness    -0.43880D+06 Numerical deriv    -0.43880D+06
 Row    3 node    2 DOF    1 Stiffness     0.40258D+06 Numerical deriv     0.40258D+06
 Row    4 node    2 DOF    2 Stiffness    -0.40677D+06 Numerical deriv    -0.40677D+06
 Row    5 node    3 DOF    1 Stiffness     0.39043D+06 Numerical deriv     0.39043D+06
 Row    6 node    3 DOF    2 Stiffness     0.43880D+06 Numerical deriv     0.43880D+06
 Row    7 node    4 DOF    1 Stiffness    -0.40256D+06 Numerical deriv    -0.40256D+06
 Row    8 node    4 DOF    2 Stiffness     0.40677D+06 Numerical deriv     0.40677D+06

  Column            4  node            2  DOF            2
 Row    1 node    1 DOF    1 Stiffness     0.39450D+06 Numerical deriv     0.39450D+06
 Row    2 node    1 DOF    2 Stiffness     0.44341D+06 Numerical deriv     0.44341D+06
 Row    3 node    2 DOF    1 Stiffness    -0.40677D+06 Numerical deriv    -0.40677D+06
 Row    4 node    2 DOF    2 Stiffness     0.41105D+06 Numerical deriv     0.41105D+06
 Row    5 node    3 DOF    1 Stiffness    -0.39450D+06 Numerical deriv    -0.39450D+06
 Row    6 node    3 DOF    2 Stiffness    -0.44342D+06 Numerical deriv    -0.44342D+06
 Row    7 node    4 DOF    1 Stiffness     0.40677D+06 Numerical deriv     0.40677D+06
 Row    8 node    4 DOF    2 Stiffness    -0.41103D+06 Numerical deriv    -0.41103D+06

  Column            5  node            3  DOF            1
 Row    1 node    1 DOF    1 Stiffness    -0.37869D+06 Numerical deriv    -0.37869D+06
 Row    2 node    1 DOF    2 Stiffness    -0.42561D+06 Numerical deriv    -0.42561D+06
 Row    3 node    2 DOF    1 Stiffness     0.39043D+06 Numerical deriv     0.39043D+06
 Row    4 node    2 DOF    2 Stiffness    -0.39450D+06 Numerical deriv    -0.39450D+06
 Row    5 node    3 DOF    1 Stiffness     0.37870D+06 Numerical deriv     0.37870D+06
 Row    6 node    3 DOF    2 Stiffness     0.42561D+06 Numerical deriv     0.42561D+06
 Row    7 node    4 DOF    1 Stiffness    -0.39044D+06 Numerical deriv    -0.39044D+06
 Row    8 node    4 DOF    2 Stiffness     0.39450D+06 Numerical deriv     0.39450D+06

  Column            6  node            3  DOF            2
 Row    1 node    1 DOF    1 Stiffness    -0.42561D+06 Numerical deriv    -0.42561D+06
 Row    2 node    1 DOF    2 Stiffness    -0.47836D+06 Numerical deriv    -0.47836D+06
 Row    3 node    2 DOF    1 Stiffness     0.43880D+06 Numerical deriv     0.43880D+06
 Row    4 node    2 DOF    2 Stiffness    -0.44342D+06 Numerical deriv    -0.44342D+06
 Row    5 node    3 DOF    1 Stiffness     0.42561D+06 Numerical deriv     0.42561D+06
 Row    6 node    3 DOF    2 Stiffness     0.47838D+06 Numerical deriv     0.47838D+06
 Row    7 node    4 DOF    1 Stiffness    -0.43880D+06 Numerical deriv    -0.43880D+06
 Row    8 node    4 DOF    2 Stiffness     0.44341D+06 Numerical deriv     0.44341D+06

  Column            7  node            4  DOF            1
 Row    1 node    1 DOF    1 Stiffness     0.39043D+06 Numerical deriv     0.39043D+06
 Row    2 node    1 DOF    2 Stiffness     0.43880D+06 Numerical deriv     0.43880D+06
 Row    3 node    2 DOF    1 Stiffness    -0.40256D+06 Numerical deriv    -0.40256D+06
 Row    4 node    2 DOF    2 Stiffness     0.40677D+06 Numerical deriv     0.40677D+06
 Row    5 node    3 DOF    1 Stiffness    -0.39044D+06 Numerical deriv    -0.39044D+06
 Row    6 node    3 DOF    2 Stiffness    -0.43880D+06 Numerical deriv    -0.43880D+06
 Row    7 node    4 DOF    1 Stiffness     0.40257D+06 Numerical deriv     0.40257D+06
 Row    8 node    4 DOF    2 Stiffness    -0.40677D+06 Numerical deriv    -0.40677D+06

  Column            8  node            4  DOF            2
 Row    1 node    1 DOF    1 Stiffness    -0.39450D+06 Numerical deriv    -0.39450D+06
 Row    2 node    1 DOF    2 Stiffness    -0.44342D+06 Numerical deriv    -0.44342D+06
 Row    3 node    2 DOF    1 Stiffness     0.40677D+06 Numerical deriv     0.40677D+06
 Row    4 node    2 DOF    2 Stiffness    -0.41103D+06 Numerical deriv    -0.41103D+06
 Row    5 node    3 DOF    1 Stiffness     0.39450D+06 Numerical deriv     0.39450D+06
 Row    6 node    3 DOF    2 Stiffness     0.44341D+06 Numerical deriv     0.44341D+06
 Row    7 node    4 DOF    1 Stiffness    -0.40677D+06 Numerical deriv    -0.40677D+06
 Row    8 node    4 DOF    2 Stiffness     0.41104D+06 Numerical deriv     0.41104D+06


 Stiffness matrix is consistent with residual 


